<?xml version="1.0" encoding="UTF-8"?>
<testsuite xmlns:xsi="http://www.w3.org/2001/XMLSchema-instance" xsi:noNamespaceSchemaLocation="https://maven.apache.org/surefire/maven-surefire-plugin/xsd/surefire-test-report-3.0.xsd" version="3.0" name="org.example.library.LibraryApplicationTests" time="6.586" tests="1" errors="0" skipped="0" failures="0">
  <properties>
[...]
</properties>
  <testcase name="contextLoads" classname="org.example.library.LibraryApplicationTests" time="0.36">
    <system-out><![CDATA[21:02:31.748 [main] INFO org.springframework.test.context.support.AnnotationConfigContextLoaderUtils -- Could not detect default configuration classes for test class [org.example.library.LibraryApplicationTests]: LibraryApplicationTests does not declare any static, non-private, non-final, nested classes annotated with @Configuration.
21:02:31.848 [main] INFO org.springframework.boot.test.context.SpringBootTestContextBootstrapper -- Found @SpringBootConfiguration org.example.library.LibraryApplication for test class org.example.library.LibraryApplicationTests
21:02:31.971 [main] INFO org.springframework.boot.devtools.restart.RestartApplicationListener -- Restart disabled due to context in which it is running

  .   ____          _            __ _ _
 /\\ / ___'_ __ _ _(_)_ __  __ _ \ \ \ \
( ( )\___ | '_ | '_| | '_ \/ _` | \ \ \ \
 \\/  ___)| |_)| | | | | || (_| |  ) ) ) )
  '  |____| .__|_| |_|_| |_\__, | / / / /
 =========|_|==============|___/=/_/_/_/

 :: Spring Boot ::                (v3.3.5)

2025-11-10T21:02:32.203+03:00  INFO 94453 --- [           main] o.e.library.LibraryApplicationTests      : Starting LibraryApplicationTests using Java 25.0.1 with PID 94453 (started by snow in /home/snow/Загрузки/ProjectLibrary-fedya/library-service)
2025-11-10T21:02:32.204+03:00  INFO 94453 --- [           main] o.e.library.LibraryApplicationTests      : No active profile set, falling back to 1 default profile: "default"
2025-11-10T21:02:32.908+03:00  INFO 94453 --- [           main] .s.d.r.c.RepositoryConfigurationDelegate : Bootstrapping Spring Data JPA repositories in DEFAULT mode.
2025-11-10T21:02:32.993+03:00  INFO 94453 --- [           main] .s.d.r.c.RepositoryConfigurationDelegate : Finished Spring Data repository scanning in 77 ms. Found 12 JPA repository interfaces.
2025-11-10T21:02:33.526+03:00  INFO 94453 --- [           main] o.hibernate.jpa.internal.util.LogHelper  : HHH000204: Processing PersistenceUnitInfo [name: default]
2025-11-10T21:02:33.593+03:00  INFO 94453 --- [           main] org.hibernate.Version                    : HHH000412: Hibernate ORM core version 6.5.3.Final
2025-11-10T21:02:33.631+03:00  INFO 94453 --- [           main] o.h.c.internal.RegionFactoryInitiator    : HHH000026: Second-level cache disabled
2025-11-10T21:02:33.949+03:00  INFO 94453 --- [           main] o.s.o.j.p.SpringPersistenceUnitInfo      : No LoadTimeWeaver setup: ignoring JPA class transformer
2025-11-10T21:02:33.985+03:00  INFO 94453 --- [           main] com.zaxxer.hikari.HikariDataSource       : HikariPool-1 - Starting...
2025-11-10T21:02:34.179+03:00  INFO 94453 --- [           main] com.zaxxer.hikari.pool.HikariPool        : HikariPool-1 - Added connection org.postgresql.jdbc.PgConnection@6eeb29c0
2025-11-10T21:02:34.181+03:00  INFO 94453 --- [           main] com.zaxxer.hikari.HikariDataSource       : HikariPool-1 - Start completed.
2025-11-10T21:02:34.264+03:00 DEBUG 94453 --- [           main] o.h.t.d.sql.spi.DdlTypeRegistry          : addDescriptor(2003, org.hibernate.type.descriptor.sql.internal.ArrayDdlTypeImpl@1f71e024) replaced previous registration(org.hibernate.type.descriptor.sql.internal.ArrayDdlTypeImpl@60ed0b9d)
2025-11-10T21:02:34.265+03:00 DEBUG 94453 --- [           main] o.h.t.d.sql.spi.DdlTypeRegistry          : addDescriptor(6, org.hibernate.type.descriptor.sql.internal.CapacityDependentDdlType@7f5e6833) replaced previous registration(org.hibernate.type.descriptor.sql.internal.DdlTypeImpl@2c674d58)
2025-11-10T21:02:35.252+03:00  INFO 94453 --- [           main] o.h.e.t.j.p.i.JtaPlatformInitiator       : HHH000489: No JTA platform available (set 'hibernate.transaction.jta.platform' to enable JTA platform integration)
2025-11-10T21:02:35.308+03:00 DEBUG 94453 --- [           main] org.hibernate.SQL                        : 
    create table authors (
        author_id bigint generated by default as identity,
        first_name varchar(255),
        last_name varchar(255),
        primary key (author_id)
    )
Hibernate: 
    create table authors (
        author_id bigint generated by default as identity,
        first_name varchar(255),
        last_name varchar(255),
        primary key (author_id)
    )
2025-11-10T21:02:35.322+03:00 DEBUG 94453 --- [           main] org.hibernate.SQL                        : 
    create table book_access (
        access boolean,
        book_id bigint not null,
        user_id bigint not null,
        primary key (book_id, user_id)
    )
Hibernate: 
    create table book_access (
        access boolean,
        book_id bigint not null,
        user_id bigint not null,
        primary key (book_id, user_id)
    )
2025-11-10T21:02:35.329+03:00 DEBUG 94453 --- [           main] org.hibernate.SQL                        : 
    create table book_authors (
        id bigint generated by default as identity,
        author_id bigint not null,
        book_id bigint not null,
        primary key (id)
    )
Hibernate: 
    create table book_authors (
        id bigint generated by default as identity,
        author_id bigint not null,
        book_id bigint not null,
        primary key (id)
    )
2025-11-10T21:02:35.337+03:00 DEBUG 94453 --- [           main] org.hibernate.SQL                        : 
    create table book_entries (
        entry_id bigint generated by default as identity,
        added_at timestamp(6),
        user_id bigint,
        book_id bigint,
        primary key (entry_id)
    )
Hibernate: 
    create table book_entries (
        entry_id bigint generated by default as identity,
        added_at timestamp(6),
        user_id bigint,
        book_id bigint,
        primary key (entry_id)
    )
2025-11-10T21:02:35.345+03:00 DEBUG 94453 --- [           main] org.hibernate.SQL                        : 
    create table book_faculty (
        book_id bigint not null,
        faculty_id bigint not null,
        primary key (book_id, faculty_id)
    )
Hibernate: 
    create table book_faculty (
        book_id bigint not null,
        faculty_id bigint not null,
        primary key (book_id, faculty_id)
    )
2025-11-10T21:02:35.352+03:00 DEBUG 94453 --- [           main] org.hibernate.SQL                        : 
    create table book_ratings (
        id bigint generated by default as identity,
        rating integer not null,
        book_id bigint,
        user_id bigint,
        primary key (id)
    )
Hibernate: 
    create table book_ratings (
        id bigint generated by default as identity,
        rating integer not null,
        book_id bigint,
        user_id bigint,
        primary key (id)
    )
2025-11-10T21:02:35.360+03:00 DEBUG 94453 --- [           main] org.hibernate.SQL                        : 
    create table books (
        book_id bigint generated by default as identity,
        description TEXT,
        isbn varchar(255),
        publication_year integer,
        publisher varchar(255),
        status varchar(255) check (status in ('AVAILABLE','RESTRICTED','NOT_AVAILABLE')),
        title varchar(255) not null,
        primary key (book_id)
    )
Hibernate: 
    create table books (
        book_id bigint generated by default as identity,
        description TEXT,
        isbn varchar(255),
        publication_year integer,
        publisher varchar(255),
        status varchar(255) check (status in ('AVAILABLE','RESTRICTED','NOT_AVAILABLE')),
        title varchar(255) not null,
        primary key (book_id)
    )
2025-11-10T21:02:35.371+03:00 DEBUG 94453 --- [           main] org.hibernate.SQL                        : 
    create table ebooks (
        ebook_id bigint generated by default as identity,
        file_location varchar(255),
        book_id bigint,
        primary key (ebook_id)
    )
Hibernate: 
    create table ebooks (
        ebook_id bigint generated by default as identity,
        file_location varchar(255),
        book_id bigint,
        primary key (ebook_id)
    )
2025-11-10T21:02:35.379+03:00 DEBUG 94453 --- [           main] org.hibernate.SQL                        : 
    create table faculties (
        faculty_id bigint generated by default as identity,
        type varchar(255) check (type in ('COMMON','ARTS','ENGINEERING','BUSINESS','SCIENCE')),
        primary key (faculty_id)
    )
Hibernate: 
    create table faculties (
        faculty_id bigint generated by default as identity,
        type varchar(255) check (type in ('COMMON','ARTS','ENGINEERING','BUSINESS','SCIENCE')),
        primary key (faculty_id)
    )
2025-11-10T21:02:35.386+03:00 DEBUG 94453 --- [           main] org.hibernate.SQL                        : 
    create table library_users (
        user_id bigint generated by default as identity,
        email varchar(255) not null,
        password_hash varchar(255) not null,
        username varchar(255) not null,
        last_read_book_id bigint,
        primary key (user_id)
    )
Hibernate: 
    create table library_users (
        user_id bigint generated by default as identity,
        email varchar(255) not null,
        password_hash varchar(255) not null,
        username varchar(255) not null,
        last_read_book_id bigint,
        primary key (user_id)
    )
2025-11-10T21:02:35.395+03:00 DEBUG 94453 --- [           main] org.hibernate.SQL                        : 
    create table physical_copies (
        copy_id bigint generated by default as identity,
        available boolean,
        position_number integer,
        row_number integer,
        shelf_number integer,
        book_id bigint,
        primary key (copy_id)
    )
Hibernate: 
    create table physical_copies (
        copy_id bigint generated by default as identity,
        available boolean,
        position_number integer,
        row_number integer,
        shelf_number integer,
        book_id bigint,
        primary key (copy_id)
    )
2025-11-10T21:02:35.403+03:00 DEBUG 94453 --- [           main] org.hibernate.SQL                        : 
    create table rental_requests (
        id bigint generated by default as identity,
        rental_due_date timestamp(6),
        rental_start_date timestamp(6),
        status varchar(255) check (status in ('PENDING','APPROVED','REJECTED','ACTIVE','RETURNED','COMPLETED')),
        physical_copy_id bigint not null,
        user_id bigint not null,
        primary key (id)
    )
Hibernate: 
    create table rental_requests (
        id bigint generated by default as identity,
        rental_due_date timestamp(6),
        rental_start_date timestamp(6),
        status varchar(255) check (status in ('PENDING','APPROVED','REJECTED','ACTIVE','RETURNED','COMPLETED')),
        physical_copy_id bigint not null,
        user_id bigint not null,
        primary key (id)
    )
2025-11-10T21:02:35.410+03:00 DEBUG 94453 --- [           main] org.hibernate.SQL                        : 
    create table roles (
        role_id bigint generated by default as identity,
        role_name varchar(255),
        primary key (role_id)
    )
Hibernate: 
    create table roles (
        role_id bigint generated by default as identity,
        role_name varchar(255),
        primary key (role_id)
    )
2025-11-10T21:02:35.417+03:00 DEBUG 94453 --- [           main] org.hibernate.SQL                        : 
    create table user_bookshelf (
        user_id bigint not null,
        book_id bigint not null,
        primary key (user_id, book_id)
    )
Hibernate: 
    create table user_bookshelf (
        user_id bigint not null,
        book_id bigint not null,
        primary key (user_id, book_id)
    )
2025-11-10T21:02:35.425+03:00 DEBUG 94453 --- [           main] org.hibernate.SQL                        : 
    create table user_faculty (
        user_id bigint not null,
        faculty_id bigint not null,
        primary key (user_id, faculty_id)
    )
Hibernate: 
    create table user_faculty (
        user_id bigint not null,
        faculty_id bigint not null,
        primary key (user_id, faculty_id)
    )
2025-11-10T21:02:35.432+03:00 DEBUG 94453 --- [           main] org.hibernate.SQL                        : 
    create table user_roles (
        user_id bigint not null,
        role_id bigint not null,
        primary key (user_id, role_id)
    )
Hibernate: 
    create table user_roles (
        user_id bigint not null,
        role_id bigint not null,
        primary key (user_id, role_id)
    )
2025-11-10T21:02:35.441+03:00 DEBUG 94453 --- [           main] org.hibernate.SQL                        : 
    alter table if exists book_entries 
       drop constraint if exists UKsrdax9ju0gs8kc5aafldne0ix
Hibernate: 
    alter table if exists book_entries 
       drop constraint if exists UKsrdax9ju0gs8kc5aafldne0ix
2025-11-10T21:02:35.447+03:00  WARN 94453 --- [           main] o.h.engine.jdbc.spi.SqlExceptionHelper   : SQL Warning Code: 0, SQLState: 00000
2025-11-10T21:02:35.447+03:00  WARN 94453 --- [           main] o.h.engine.jdbc.spi.SqlExceptionHelper   : constraint "uksrdax9ju0gs8kc5aafldne0ix" of relation "book_entries" does not exist, skipping
2025-11-10T21:02:35.448+03:00 DEBUG 94453 --- [           main] org.hibernate.SQL                        : 
    alter table if exists book_entries 
       add constraint UKsrdax9ju0gs8kc5aafldne0ix unique (book_id)
Hibernate: 
    alter table if exists book_entries 
       add constraint UKsrdax9ju0gs8kc5aafldne0ix unique (book_id)
2025-11-10T21:02:35.454+03:00 DEBUG 94453 --- [           main] org.hibernate.SQL                        : 
    alter table if exists library_users 
       drop constraint if exists UKeasdl7dob8pmsvq0lqjyu6dxu
Hibernate: 
    alter table if exists library_users 
       drop constraint if exists UKeasdl7dob8pmsvq0lqjyu6dxu
2025-11-10T21:02:35.460+03:00  WARN 94453 --- [           main] o.h.engine.jdbc.spi.SqlExceptionHelper   : SQL Warning Code: 0, SQLState: 00000
2025-11-10T21:02:35.461+03:00  WARN 94453 --- [           main] o.h.engine.jdbc.spi.SqlExceptionHelper   : constraint "ukeasdl7dob8pmsvq0lqjyu6dxu" of relation "library_users" does not exist, skipping
2025-11-10T21:02:35.461+03:00 DEBUG 94453 --- [           main] org.hibernate.SQL                        : 
    alter table if exists library_users 
       add constraint UKeasdl7dob8pmsvq0lqjyu6dxu unique (email)
Hibernate: 
    alter table if exists library_users 
       add constraint UKeasdl7dob8pmsvq0lqjyu6dxu unique (email)
2025-11-10T21:02:35.467+03:00 DEBUG 94453 --- [           main] org.hibernate.SQL                        : 
    alter table if exists library_users 
       drop constraint if exists UK1grdhopl3iqgixddpd439li1t
Hibernate: 
    alter table if exists library_users 
       drop constraint if exists UK1grdhopl3iqgixddpd439li1t
2025-11-10T21:02:35.479+03:00  WARN 94453 --- [           main] o.h.engine.jdbc.spi.SqlExceptionHelper   : SQL Warning Code: 0, SQLState: 00000
2025-11-10T21:02:35.479+03:00  WARN 94453 --- [           main] o.h.engine.jdbc.spi.SqlExceptionHelper   : constraint "uk1grdhopl3iqgixddpd439li1t" of relation "library_users" does not exist, skipping
2025-11-10T21:02:35.479+03:00 DEBUG 94453 --- [           main] org.hibernate.SQL                        : 
    alter table if exists library_users 
       add constraint UK1grdhopl3iqgixddpd439li1t unique (username)
Hibernate: 
    alter table if exists library_users 
       add constraint UK1grdhopl3iqgixddpd439li1t unique (username)
2025-11-10T21:02:35.485+03:00 DEBUG 94453 --- [           main] org.hibernate.SQL                        : 
    alter table if exists roles 
       drop constraint if exists UK716hgxp60ym1lifrdgp67xt5k
Hibernate: 
    alter table if exists roles 
       drop constraint if exists UK716hgxp60ym1lifrdgp67xt5k
2025-11-10T21:02:35.491+03:00  WARN 94453 --- [           main] o.h.engine.jdbc.spi.SqlExceptionHelper   : SQL Warning Code: 0, SQLState: 00000
2025-11-10T21:02:35.492+03:00  WARN 94453 --- [           main] o.h.engine.jdbc.spi.SqlExceptionHelper   : constraint "uk716hgxp60ym1lifrdgp67xt5k" of relation "roles" does not exist, skipping
2025-11-10T21:02:35.492+03:00 DEBUG 94453 --- [           main] org.hibernate.SQL                        : 
    alter table if exists roles 
       add constraint UK716hgxp60ym1lifrdgp67xt5k unique (role_name)
Hibernate: 
    alter table if exists roles 
       add constraint UK716hgxp60ym1lifrdgp67xt5k unique (role_name)
2025-11-10T21:02:35.499+03:00 DEBUG 94453 --- [           main] org.hibernate.SQL                        : 
    alter table if exists book_access 
       add constraint FKrvrbwyp827vcw61fn3be6xdxs 
       foreign key (book_id) 
       references books
Hibernate: 
    alter table if exists book_access 
       add constraint FKrvrbwyp827vcw61fn3be6xdxs 
       foreign key (book_id) 
       references books
2025-11-10T21:02:35.508+03:00 DEBUG 94453 --- [           main] org.hibernate.SQL                        : 
    alter table if exists book_access 
       add constraint FK9ts4p3ylbg7x8569yodfivok6 
       foreign key (user_id) 
       references library_users
Hibernate: 
    alter table if exists book_access 
       add constraint FK9ts4p3ylbg7x8569yodfivok6 
       foreign key (user_id) 
       references library_users
2025-11-10T21:02:35.515+03:00 DEBUG 94453 --- [           main] org.hibernate.SQL                        : 
    alter table if exists book_authors 
       add constraint FKo86065vktj3hy1m7syr9cn7va 
       foreign key (author_id) 
       references authors
Hibernate: 
    alter table if exists book_authors 
       add constraint FKo86065vktj3hy1m7syr9cn7va 
       foreign key (author_id) 
       references authors
2025-11-10T21:02:35.522+03:00 DEBUG 94453 --- [           main] org.hibernate.SQL                        : 
    alter table if exists book_authors 
       add constraint FKbhqtkv2cndf10uhtknaqbyo0a 
       foreign key (book_id) 
       references books
Hibernate: 
    alter table if exists book_authors 
       add constraint FKbhqtkv2cndf10uhtknaqbyo0a 
       foreign key (book_id) 
       references books
2025-11-10T21:02:35.529+03:00 DEBUG 94453 --- [           main] org.hibernate.SQL                        : 
    alter table if exists book_entries 
       add constraint FK7twaox5oyus3vg6vhcjhq1jth 
       foreign key (user_id) 
       references library_users
Hibernate: 
    alter table if exists book_entries 
       add constraint FK7twaox5oyus3vg6vhcjhq1jth 
       foreign key (user_id) 
       references library_users
2025-11-10T21:02:35.536+03:00 DEBUG 94453 --- [           main] org.hibernate.SQL                        : 
    alter table if exists book_entries 
       add constraint FK5ws74qjit16kl4r5g4tut32fn 
       foreign key (book_id) 
       references books
Hibernate: 
    alter table if exists book_entries 
       add constraint FK5ws74qjit16kl4r5g4tut32fn 
       foreign key (book_id) 
       references books
2025-11-10T21:02:35.543+03:00 DEBUG 94453 --- [           main] org.hibernate.SQL                        : 
    alter table if exists book_faculty 
       add constraint FK2f3v05rfudnxgvba6n1hcaycy 
       foreign key (faculty_id) 
       references faculties
Hibernate: 
    alter table if exists book_faculty 
       add constraint FK2f3v05rfudnxgvba6n1hcaycy 
       foreign key (faculty_id) 
       references faculties
2025-11-10T21:02:35.550+03:00 DEBUG 94453 --- [           main] org.hibernate.SQL                        : 
    alter table if exists book_faculty 
       add constraint FKle3hb4600ra92m1c3tx85665r 
       foreign key (book_id) 
       references books
Hibernate: 
    alter table if exists book_faculty 
       add constraint FKle3hb4600ra92m1c3tx85665r 
       foreign key (book_id) 
       references books
2025-11-10T21:02:35.560+03:00 DEBUG 94453 --- [           main] org.hibernate.SQL                        : 
    alter table if exists book_ratings 
       add constraint FKfe2v1a6kcrocyvw3x5ayclof4 
       foreign key (book_id) 
       references books
Hibernate: 
    alter table if exists book_ratings 
       add constraint FKfe2v1a6kcrocyvw3x5ayclof4 
       foreign key (book_id) 
       references books
2025-11-10T21:02:35.568+03:00 DEBUG 94453 --- [           main] org.hibernate.SQL                        : 
    alter table if exists book_ratings 
       add constraint FKqnfi2i2abdm7gbsuup6ni9v95 
       foreign key (user_id) 
       references library_users
Hibernate: 
    alter table if exists book_ratings 
       add constraint FKqnfi2i2abdm7gbsuup6ni9v95 
       foreign key (user_id) 
       references library_users
2025-11-10T21:02:35.575+03:00 DEBUG 94453 --- [           main] org.hibernate.SQL                        : 
    alter table if exists ebooks 
       add constraint FK5cohnl00svuog22wpa05pavl 
       foreign key (book_id) 
       references books
Hibernate: 
    alter table if exists ebooks 
       add constraint FK5cohnl00svuog22wpa05pavl 
       foreign key (book_id) 
       references books
2025-11-10T21:02:35.582+03:00 DEBUG 94453 --- [           main] org.hibernate.SQL                        : 
    alter table if exists library_users 
       add constraint FKmu2psqipv2smvhfl9a87gv6tq 
       foreign key (last_read_book_id) 
       references books
Hibernate: 
    alter table if exists library_users 
       add constraint FKmu2psqipv2smvhfl9a87gv6tq 
       foreign key (last_read_book_id) 
       references books
2025-11-10T21:02:35.589+03:00 DEBUG 94453 --- [           main] org.hibernate.SQL                        : 
    alter table if exists physical_copies 
       add constraint FKplmep5ll0chrckaylm2cx08in 
       foreign key (book_id) 
       references books
Hibernate: 
    alter table if exists physical_copies 
       add constraint FKplmep5ll0chrckaylm2cx08in 
       foreign key (book_id) 
       references books
2025-11-10T21:02:35.595+03:00 DEBUG 94453 --- [           main] org.hibernate.SQL                        : 
    alter table if exists rental_requests 
       add constraint FK9gehm7oldud0665hqwkj861bs 
       foreign key (physical_copy_id) 
       references physical_copies
Hibernate: 
    alter table if exists rental_requests 
       add constraint FK9gehm7oldud0665hqwkj861bs 
       foreign key (physical_copy_id) 
       references physical_copies
2025-11-10T21:02:35.602+03:00 DEBUG 94453 --- [           main] org.hibernate.SQL                        : 
    alter table if exists rental_requests 
       add constraint FK96kf0cmr10xqumy9qekpg9oc1 
       foreign key (user_id) 
       references library_users
Hibernate: 
    alter table if exists rental_requests 
       add constraint FK96kf0cmr10xqumy9qekpg9oc1 
       foreign key (user_id) 
       references library_users
2025-11-10T21:02:35.609+03:00 DEBUG 94453 --- [           main] org.hibernate.SQL                        : 
    alter table if exists user_bookshelf 
       add constraint FKgdb1cm0aost832hyfk015crnc 
       foreign key (book_id) 
       references books
Hibernate: 
    alter table if exists user_bookshelf 
       add constraint FKgdb1cm0aost832hyfk015crnc 
       foreign key (book_id) 
       references books
2025-11-10T21:02:35.616+03:00 DEBUG 94453 --- [           main] org.hibernate.SQL                        : 
    alter table if exists user_bookshelf 
       add constraint FKixkit8pboc394dgswugqb8ufw 
       foreign key (user_id) 
       references library_users
Hibernate: 
    alter table if exists user_bookshelf 
       add constraint FKixkit8pboc394dgswugqb8ufw 
       foreign key (user_id) 
       references library_users
2025-11-10T21:02:35.624+03:00 DEBUG 94453 --- [           main] org.hibernate.SQL                        : 
    alter table if exists user_faculty 
       add constraint FK9un7vqqiy42wh0uhlmub26tas 
       foreign key (faculty_id) 
       references faculties
Hibernate: 
    alter table if exists user_faculty 
       add constraint FK9un7vqqiy42wh0uhlmub26tas 
       foreign key (faculty_id) 
       references faculties
2025-11-10T21:02:35.631+03:00 DEBUG 94453 --- [           main] org.hibernate.SQL                        : 
    alter table if exists user_faculty 
       add constraint FKotid8c7r2bfgs57aht71v4tye 
       foreign key (user_id) 
       references library_users
Hibernate: 
    alter table if exists user_faculty 
       add constraint FKotid8c7r2bfgs57aht71v4tye 
       foreign key (user_id) 
       references library_users
2025-11-10T21:02:35.638+03:00 DEBUG 94453 --- [           main] org.hibernate.SQL                        : 
    alter table if exists user_roles 
       add constraint FKh8ciramu9cc9q3qcqiv4ue8a6 
       foreign key (role_id) 
       references roles
Hibernate: 
    alter table if exists user_roles 
       add constraint FKh8ciramu9cc9q3qcqiv4ue8a6 
       foreign key (role_id) 
       references roles
2025-11-10T21:02:35.645+03:00 DEBUG 94453 --- [           main] org.hibernate.SQL                        : 
    alter table if exists user_roles 
       add constraint FK2530yht6n51h2j8egfdho05ka 
       foreign key (user_id) 
       references library_users
Hibernate: 
    alter table if exists user_roles 
       add constraint FK2530yht6n51h2j8egfdho05ka 
       foreign key (user_id) 
       references library_users
2025-11-10T21:02:35.653+03:00  INFO 94453 --- [           main] j.LocalContainerEntityManagerFactoryBean : Initialized JPA EntityManagerFactory for persistence unit 'default'
2025-11-10T21:02:36.087+03:00  INFO 94453 --- [           main] o.s.d.j.r.query.QueryEnhancerFactory     : Hibernate is in classpath; If applicable, HQL parser will be used.
2025-11-10T21:02:36.762+03:00  WARN 94453 --- [           main] JpaBaseConfiguration$JpaWebConfiguration : spring.jpa.open-in-view is enabled by default. Therefore, database queries may be performed during view rendering. Explicitly configure spring.jpa.open-in-view to disable this warning
2025-11-10T21:02:36.803+03:00  INFO 94453 --- [           main] r$InitializeUserDetailsManagerConfigurer : Global AuthenticationManager configured with UserDetailsService bean with name customUserDetailsService
2025-11-10T21:02:36.902+03:00  INFO 94453 --- [           main] o.s.b.a.w.s.WelcomePageHandlerMapping    : Adding welcome page template: index
2025-11-10T21:02:37.179+03:00 DEBUG 94453 --- [           main] o.s.s.web.DefaultSecurityFilterChain     : Will secure any request with filters: DisableEncodeUrlFilter, WebAsyncManagerIntegrationFilter, SecurityContextHolderFilter, HeaderWriterFilter, CsrfFilter, LogoutFilter, RequestCacheAwareFilter, SecurityContextHolderAwareRequestFilter, AnonymousAuthenticationFilter, SessionManagementFilter, ExceptionTranslationFilter, AuthorizationFilter
2025-11-10T21:02:37.611+03:00  INFO 94453 --- [           main] o.e.library.LibraryApplicationTests      : Started LibraryApplicationTests in 5.65 seconds (process running for 6.44)
2025-11-10T21:02:37.626+03:00  INFO 94453 --- [           main] o.example.library.services.RoleService   : Checking and initializing roles...
2025-11-10T21:02:37.726+03:00 DEBUG 94453 --- [           main] org.hibernate.SQL                        : 
    select
        r1_0.role_id,
        lu1_0.role_id,
        lu1_1.user_id,
        lu1_1.email,
        lu1_1.last_read_book_id,
        lu1_1.password_hash,
        lu1_1.username,
        r1_0.role_name 
    from
        roles r1_0 
    left join
        user_roles lu1_0 
            on r1_0.role_id=lu1_0.role_id 
    left join
        library_users lu1_1 
            on lu1_1.user_id=lu1_0.user_id 
    where
        r1_0.role_name=?
Hibernate: 
    select
        r1_0.role_id,
        lu1_0.role_id,
        lu1_1.user_id,
        lu1_1.email,
        lu1_1.last_read_book_id,
        lu1_1.password_hash,
        lu1_1.username,
        r1_0.role_name 
    from
        roles r1_0 
    left join
        user_roles lu1_0 
            on r1_0.role_id=lu1_0.role_id 
    left join
        library_users lu1_1 
            on lu1_1.user_id=lu1_0.user_id 
    where
        r1_0.role_name=?
2025-11-10T21:02:37.759+03:00 DEBUG 94453 --- [           main] org.hibernate.SQL                        : 
    insert 
    into
        roles
        (role_name) 
    values
        (?) 
    returning role_id
Hibernate: 
    insert 
    into
        roles
        (role_name) 
    values
        (?) 
    returning role_id
2025-11-10T21:02:37.772+03:00  INFO 94453 --- [           main] o.example.library.services.RoleService   : Created role: STUDENT
2025-11-10T21:02:37.780+03:00 DEBUG 94453 --- [           main] org.hibernate.SQL                        : 
    select
        r1_0.role_id,
        lu1_0.role_id,
        lu1_1.user_id,
        lu1_1.email,
        lu1_1.last_read_book_id,
        lu1_1.password_hash,
        lu1_1.username,
        r1_0.role_name 
    from
        roles r1_0 
    left join
        user_roles lu1_0 
            on r1_0.role_id=lu1_0.role_id 
    left join
        library_users lu1_1 
            on lu1_1.user_id=lu1_0.user_id 
    where
        r1_0.role_name=?
Hibernate: 
    select
        r1_0.role_id,
        lu1_0.role_id,
        lu1_1.user_id,
        lu1_1.email,
        lu1_1.last_read_book_id,
        lu1_1.password_hash,
        lu1_1.username,
        r1_0.role_name 
    from
        roles r1_0 
    left join
        user_roles lu1_0 
            on r1_0.role_id=lu1_0.role_id 
    left join
        library_users lu1_1 
            on lu1_1.user_id=lu1_0.user_id 
    where
        r1_0.role_name=?
2025-11-10T21:02:37.782+03:00 DEBUG 94453 --- [           main] org.hibernate.SQL                        : 
    insert 
    into
        roles
        (role_name) 
    values
        (?) 
    returning role_id
Hibernate: 
    insert 
    into
        roles
        (role_name) 
    values
        (?) 
    returning role_id
2025-11-10T21:02:37.783+03:00  INFO 94453 --- [           main] o.example.library.services.RoleService   : Created role: TEACHER
2025-11-10T21:02:37.786+03:00 DEBUG 94453 --- [           main] org.hibernate.SQL                        : 
    select
        r1_0.role_id,
        lu1_0.role_id,
        lu1_1.user_id,
        lu1_1.email,
        lu1_1.last_read_book_id,
        lu1_1.password_hash,
        lu1_1.username,
        r1_0.role_name 
    from
        roles r1_0 
    left join
        user_roles lu1_0 
            on r1_0.role_id=lu1_0.role_id 
    left join
        library_users lu1_1 
            on lu1_1.user_id=lu1_0.user_id 
    where
        r1_0.role_name=?
Hibernate: 
    select
        r1_0.role_id,
        lu1_0.role_id,
        lu1_1.user_id,
        lu1_1.email,
        lu1_1.last_read_book_id,
        lu1_1.password_hash,
        lu1_1.username,
        r1_0.role_name 
    from
        roles r1_0 
    left join
        user_roles lu1_0 
            on r1_0.role_id=lu1_0.role_id 
    left join
        library_users lu1_1 
            on lu1_1.user_id=lu1_0.user_id 
    where
        r1_0.role_name=?
2025-11-10T21:02:37.788+03:00 DEBUG 94453 --- [           main] org.hibernate.SQL                        : 
    insert 
    into
        roles
        (role_name) 
    values
        (?) 
    returning role_id
Hibernate: 
    insert 
    into
        roles
        (role_name) 
    values
        (?) 
    returning role_id
2025-11-10T21:02:37.790+03:00  INFO 94453 --- [           main] o.example.library.services.RoleService   : Created role: LIBRARIAN
2025-11-10T21:02:37.792+03:00 DEBUG 94453 --- [           main] org.hibernate.SQL                        : 
    select
        r1_0.role_id,
        lu1_0.role_id,
        lu1_1.user_id,
        lu1_1.email,
        lu1_1.last_read_book_id,
        lu1_1.password_hash,
        lu1_1.username,
        r1_0.role_name 
    from
        roles r1_0 
    left join
        user_roles lu1_0 
            on r1_0.role_id=lu1_0.role_id 
    left join
        library_users lu1_1 
            on lu1_1.user_id=lu1_0.user_id 
    where
        r1_0.role_name=?
Hibernate: 
    select
        r1_0.role_id,
        lu1_0.role_id,
        lu1_1.user_id,
        lu1_1.email,
        lu1_1.last_read_book_id,
        lu1_1.password_hash,
        lu1_1.username,
        r1_0.role_name 
    from
        roles r1_0 
    left join
        user_roles lu1_0 
            on r1_0.role_id=lu1_0.role_id 
    left join
        library_users lu1_1 
            on lu1_1.user_id=lu1_0.user_id 
    where
        r1_0.role_name=?
2025-11-10T21:02:37.793+03:00 DEBUG 94453 --- [           main] org.hibernate.SQL                        : 
    insert 
    into
        roles
        (role_name) 
    values
        (?) 
    returning role_id
Hibernate: 
    insert 
    into
        roles
        (role_name) 
    values
        (?) 
    returning role_id
2025-11-10T21:02:37.794+03:00  INFO 94453 --- [           main] o.example.library.services.RoleService   : Created role: ADMIN
2025-11-10T21:02:37.795+03:00  INFO 94453 --- [           main] o.example.library.services.RoleService   : Role initialization complete.
2025-11-10T21:02:37.824+03:00 DEBUG 94453 --- [           main] org.hibernate.SQL                        : 
    select
        count(*) 
    from
        faculties f1_0
Hibernate: 
    select
        count(*) 
    from
        faculties f1_0
2025-11-10T21:02:37.826+03:00  INFO 94453 --- [           main] o.e.library.services.FacultyService      : No faculties found in the database. Initializing default faculties...
2025-11-10T21:02:37.828+03:00 DEBUG 94453 --- [           main] org.hibernate.SQL                        : 
    insert 
    into
        faculties
        (type) 
    values
        (?) 
    returning faculty_id
Hibernate: 
    insert 
    into
        faculties
        (type) 
    values
        (?) 
    returning faculty_id
2025-11-10T21:02:37.830+03:00  INFO 94453 --- [           main] o.e.library.services.FacultyService      : Created faculty: Общедоступный
2025-11-10T21:02:37.831+03:00 DEBUG 94453 --- [           main] org.hibernate.SQL                        : 
    insert 
    into
        faculties
        (type) 
    values
        (?) 
    returning faculty_id
Hibernate: 
    insert 
    into
        faculties
        (type) 
    values
        (?) 
    returning faculty_id
2025-11-10T21:02:37.833+03:00  INFO 94453 --- [           main] o.e.library.services.FacultyService      : Created faculty: Искусство
2025-11-10T21:02:37.833+03:00 DEBUG 94453 --- [           main] org.hibernate.SQL                        : 
    insert 
    into
        faculties
        (type) 
    values
        (?) 
    returning faculty_id
Hibernate: 
    insert 
    into
        faculties
        (type) 
    values
        (?) 
    returning faculty_id
2025-11-10T21:02:37.834+03:00  INFO 94453 --- [           main] o.e.library.services.FacultyService      : Created faculty: Инженерия
2025-11-10T21:02:37.835+03:00 DEBUG 94453 --- [           main] org.hibernate.SQL                        : 
    insert 
    into
        faculties
        (type) 
    values
        (?) 
    returning faculty_id
Hibernate: 
    insert 
    into
        faculties
        (type) 
    values
        (?) 
    returning faculty_id
2025-11-10T21:02:37.836+03:00  INFO 94453 --- [           main] o.e.library.services.FacultyService      : Created faculty: Бизнес
2025-11-10T21:02:37.837+03:00 DEBUG 94453 --- [           main] org.hibernate.SQL                        : 
    insert 
    into
        faculties
        (type) 
    values
        (?) 
    returning faculty_id
Hibernate: 
    insert 
    into
        faculties
        (type) 
    values
        (?) 
    returning faculty_id
2025-11-10T21:02:37.838+03:00  INFO 94453 --- [           main] o.e.library.services.FacultyService      : Created faculty: Наука
2025-11-10T21:02:37.838+03:00  INFO 94453 --- [           main] o.e.library.services.FacultyService      : Default faculties initialization complete.
]]></system-out>
    <system-err><![CDATA[WARNING: A Java agent has been loaded dynamically (/home/snow/.m2/repository/net/bytebuddy/byte-buddy-agent/1.14.19/byte-buddy-agent-1.14.19.jar)
WARNING: If a serviceability tool is in use, please run with -XX:+EnableDynamicAgentLoading to hide this warning
WARNING: If a serviceability tool is not in use, please run with -Djdk.instrument.traceUsage for more information
WARNING: Dynamic loading of agents will be disallowed by default in a future release
]]></system-err>
  </testcase>
</testsuite>