<?xml version="1.0" encoding="UTF-8"?>
<testsuite xmlns:xsi="http://www.w3.org/2001/XMLSchema-instance" xsi:noNamespaceSchemaLocation="https://maven.apache.org/surefire/maven-surefire-plugin/xsd/surefire-test-report-3.0.xsd" version="3.0" name="org.example.library.LibraryApplicationTests" time="5.102" tests="1" errors="0" skipped="0" failures="0">
  <properties>
[...]
</properties>
  <testcase name="contextLoads" classname="org.example.library.LibraryApplicationTests" time="0.325">
    <system-out><![CDATA[22:36:40.088 [main] INFO org.springframework.test.context.support.AnnotationConfigContextLoaderUtils -- Could not detect default configuration classes for test class [org.example.library.LibraryApplicationTests]: LibraryApplicationTests does not declare any static, non-private, non-final, nested classes annotated with @Configuration.
22:36:40.188 [main] INFO org.springframework.boot.test.context.SpringBootTestContextBootstrapper -- Found @SpringBootConfiguration org.example.library.LibraryApplication for test class org.example.library.LibraryApplicationTests
22:36:40.312 [main] INFO org.springframework.boot.devtools.restart.RestartApplicationListener -- Restart disabled due to context in which it is running

  .   ____          _            __ _ _
 /\\ / ___'_ __ _ _(_)_ __  __ _ \ \ \ \
( ( )\___ | '_ | '_| | '_ \/ _` | \ \ \ \
 \\/  ___)| |_)| | | | | || (_| |  ) ) ) )
  '  |____| .__|_| |_|_| |_\__, | / / / /
 =========|_|==============|___/=/_/_/_/

 :: Spring Boot ::                (v3.3.5)

2025-11-10T22:36:40.517+03:00  INFO 109273 --- [           main] o.e.library.LibraryApplicationTests      : Starting LibraryApplicationTests using Java 25.0.1 with PID 109273 (started by snow in /home/snow/Projects/ProjectLibrary/library-service)
2025-11-10T22:36:40.518+03:00  INFO 109273 --- [           main] o.e.library.LibraryApplicationTests      : No active profile set, falling back to 1 default profile: "default"
2025-11-10T22:36:41.073+03:00  INFO 109273 --- [           main] .s.d.r.c.RepositoryConfigurationDelegate : Bootstrapping Spring Data JPA repositories in DEFAULT mode.
2025-11-10T22:36:41.135+03:00  INFO 109273 --- [           main] .s.d.r.c.RepositoryConfigurationDelegate : Finished Spring Data repository scanning in 55 ms. Found 12 JPA repository interfaces.
2025-11-10T22:36:41.564+03:00  INFO 109273 --- [           main] o.hibernate.jpa.internal.util.LogHelper  : HHH000204: Processing PersistenceUnitInfo [name: default]
2025-11-10T22:36:41.600+03:00  INFO 109273 --- [           main] org.hibernate.Version                    : HHH000412: Hibernate ORM core version 6.5.3.Final
2025-11-10T22:36:41.627+03:00  INFO 109273 --- [           main] o.h.c.internal.RegionFactoryInitiator    : HHH000026: Second-level cache disabled
2025-11-10T22:36:41.860+03:00  INFO 109273 --- [           main] o.s.o.j.p.SpringPersistenceUnitInfo      : No LoadTimeWeaver setup: ignoring JPA class transformer
2025-11-10T22:36:41.885+03:00  INFO 109273 --- [           main] com.zaxxer.hikari.HikariDataSource       : HikariPool-1 - Starting...
2025-11-10T22:36:42.039+03:00  INFO 109273 --- [           main] com.zaxxer.hikari.pool.HikariPool        : HikariPool-1 - Added connection org.postgresql.jdbc.PgConnection@1d3d76b4
2025-11-10T22:36:42.040+03:00  INFO 109273 --- [           main] com.zaxxer.hikari.HikariDataSource       : HikariPool-1 - Start completed.
2025-11-10T22:36:42.092+03:00 DEBUG 109273 --- [           main] o.h.t.d.sql.spi.DdlTypeRegistry          : addDescriptor(2003, org.hibernate.type.descriptor.sql.internal.ArrayDdlTypeImpl@60ed0b9d) replaced previous registration(org.hibernate.type.descriptor.sql.internal.ArrayDdlTypeImpl@7f5e6833)
2025-11-10T22:36:42.092+03:00 DEBUG 109273 --- [           main] o.h.t.d.sql.spi.DdlTypeRegistry          : addDescriptor(6, org.hibernate.type.descriptor.sql.internal.CapacityDependentDdlType@2c674d58) replaced previous registration(org.hibernate.type.descriptor.sql.internal.DdlTypeImpl@3c07e830)
2025-11-10T22:36:42.851+03:00  INFO 109273 --- [           main] o.h.e.t.j.p.i.JtaPlatformInitiator       : HHH000489: No JTA platform available (set 'hibernate.transaction.jta.platform' to enable JTA platform integration)
2025-11-10T22:36:42.888+03:00 DEBUG 109273 --- [           main] org.hibernate.SQL                        : 
    alter table if exists books 
       alter column description set data type TEXT
Hibernate: 
    alter table if exists books 
       alter column description set data type TEXT
2025-11-10T22:36:43.044+03:00  INFO 109273 --- [           main] j.LocalContainerEntityManagerFactoryBean : Initialized JPA EntityManagerFactory for persistence unit 'default'
2025-11-10T22:36:43.404+03:00  INFO 109273 --- [           main] o.s.d.j.r.query.QueryEnhancerFactory     : Hibernate is in classpath; If applicable, HQL parser will be used.
2025-11-10T22:36:43.908+03:00  WARN 109273 --- [           main] JpaBaseConfiguration$JpaWebConfiguration : spring.jpa.open-in-view is enabled by default. Therefore, database queries may be performed during view rendering. Explicitly configure spring.jpa.open-in-view to disable this warning
2025-11-10T22:36:43.934+03:00  INFO 109273 --- [           main] r$InitializeUserDetailsManagerConfigurer : Global AuthenticationManager configured with UserDetailsService bean with name customUserDetailsService
2025-11-10T22:36:44.006+03:00  INFO 109273 --- [           main] o.s.b.a.w.s.WelcomePageHandlerMapping    : Adding welcome page template: index
2025-11-10T22:36:44.237+03:00 DEBUG 109273 --- [           main] o.s.s.web.DefaultSecurityFilterChain     : Will secure any request with filters: DisableEncodeUrlFilter, WebAsyncManagerIntegrationFilter, SecurityContextHolderFilter, HeaderWriterFilter, CsrfFilter, LogoutFilter, RequestCacheAwareFilter, SecurityContextHolderAwareRequestFilter, AnonymousAuthenticationFilter, SessionManagementFilter, ExceptionTranslationFilter, AuthorizationFilter
2025-11-10T22:36:44.577+03:00  INFO 109273 --- [           main] o.e.library.LibraryApplicationTests      : Started LibraryApplicationTests in 4.273 seconds (process running for 4.955)
2025-11-10T22:36:44.587+03:00  INFO 109273 --- [           main] o.example.library.services.RoleService   : Checking and initializing roles...
2025-11-10T22:36:44.658+03:00 DEBUG 109273 --- [           main] org.hibernate.SQL                        : 
    select
        r1_0.role_id,
        lu1_0.role_id,
        lu1_1.user_id,
        lu1_1.email,
        lu1_1.last_read_book_id,
        lu1_1.password_hash,
        lu1_1.username,
        r1_0.role_name 
    from
        roles r1_0 
    left join
        user_roles lu1_0 
            on r1_0.role_id=lu1_0.role_id 
    left join
        library_users lu1_1 
            on lu1_1.user_id=lu1_0.user_id 
    where
        r1_0.role_name=?
Hibernate: 
    select
        r1_0.role_id,
        lu1_0.role_id,
        lu1_1.user_id,
        lu1_1.email,
        lu1_1.last_read_book_id,
        lu1_1.password_hash,
        lu1_1.username,
        r1_0.role_name 
    from
        roles r1_0 
    left join
        user_roles lu1_0 
            on r1_0.role_id=lu1_0.role_id 
    left join
        library_users lu1_1 
            on lu1_1.user_id=lu1_0.user_id 
    where
        r1_0.role_name=?
2025-11-10T22:36:44.685+03:00 DEBUG 109273 --- [           main] org.hibernate.SQL                        : 
    select
        r1_0.role_id,
        lu1_0.role_id,
        lu1_1.user_id,
        lu1_1.email,
        lu1_1.last_read_book_id,
        lu1_1.password_hash,
        lu1_1.username,
        r1_0.role_name 
    from
        roles r1_0 
    left join
        user_roles lu1_0 
            on r1_0.role_id=lu1_0.role_id 
    left join
        library_users lu1_1 
            on lu1_1.user_id=lu1_0.user_id 
    where
        r1_0.role_name=?
Hibernate: 
    select
        r1_0.role_id,
        lu1_0.role_id,
        lu1_1.user_id,
        lu1_1.email,
        lu1_1.last_read_book_id,
        lu1_1.password_hash,
        lu1_1.username,
        r1_0.role_name 
    from
        roles r1_0 
    left join
        user_roles lu1_0 
            on r1_0.role_id=lu1_0.role_id 
    left join
        library_users lu1_1 
            on lu1_1.user_id=lu1_0.user_id 
    where
        r1_0.role_name=?
2025-11-10T22:36:44.689+03:00 DEBUG 109273 --- [           main] org.hibernate.SQL                        : 
    select
        r1_0.role_id,
        lu1_0.role_id,
        lu1_1.user_id,
        lu1_1.email,
        lu1_1.last_read_book_id,
        lu1_1.password_hash,
        lu1_1.username,
        r1_0.role_name 
    from
        roles r1_0 
    left join
        user_roles lu1_0 
            on r1_0.role_id=lu1_0.role_id 
    left join
        library_users lu1_1 
            on lu1_1.user_id=lu1_0.user_id 
    where
        r1_0.role_name=?
Hibernate: 
    select
        r1_0.role_id,
        lu1_0.role_id,
        lu1_1.user_id,
        lu1_1.email,
        lu1_1.last_read_book_id,
        lu1_1.password_hash,
        lu1_1.username,
        r1_0.role_name 
    from
        roles r1_0 
    left join
        user_roles lu1_0 
            on r1_0.role_id=lu1_0.role_id 
    left join
        library_users lu1_1 
            on lu1_1.user_id=lu1_0.user_id 
    where
        r1_0.role_name=?
2025-11-10T22:36:44.693+03:00 DEBUG 109273 --- [           main] org.hibernate.SQL                        : 
    select
        r1_0.role_id,
        lu1_0.role_id,
        lu1_1.user_id,
        lu1_1.email,
        lu1_1.last_read_book_id,
        lu1_1.password_hash,
        lu1_1.username,
        r1_0.role_name 
    from
        roles r1_0 
    left join
        user_roles lu1_0 
            on r1_0.role_id=lu1_0.role_id 
    left join
        library_users lu1_1 
            on lu1_1.user_id=lu1_0.user_id 
    where
        r1_0.role_name=?
Hibernate: 
    select
        r1_0.role_id,
        lu1_0.role_id,
        lu1_1.user_id,
        lu1_1.email,
        lu1_1.last_read_book_id,
        lu1_1.password_hash,
        lu1_1.username,
        r1_0.role_name 
    from
        roles r1_0 
    left join
        user_roles lu1_0 
            on r1_0.role_id=lu1_0.role_id 
    left join
        library_users lu1_1 
            on lu1_1.user_id=lu1_0.user_id 
    where
        r1_0.role_name=?
2025-11-10T22:36:44.696+03:00  INFO 109273 --- [           main] o.example.library.services.RoleService   : Role initialization complete.
2025-11-10T22:36:44.718+03:00 DEBUG 109273 --- [           main] org.hibernate.SQL                        : 
    select
        count(*) 
    from
        faculties f1_0
Hibernate: 
    select
        count(*) 
    from
        faculties f1_0
2025-11-10T22:36:44.721+03:00  INFO 109273 --- [           main] o.e.library.services.FacultyService      : Faculties already exist in the database. Skipping initialization.
]]></system-out>
    <system-err><![CDATA[WARNING: A Java agent has been loaded dynamically (/home/snow/.m2/repository/net/bytebuddy/byte-buddy-agent/1.14.19/byte-buddy-agent-1.14.19.jar)
WARNING: If a serviceability tool is in use, please run with -XX:+EnableDynamicAgentLoading to hide this warning
WARNING: If a serviceability tool is not in use, please run with -Djdk.instrument.traceUsage for more information
WARNING: Dynamic loading of agents will be disallowed by default in a future release
]]></system-err>
  </testcase>
</testsuite>